<?xml version="1.0" encoding="UTF-8"?>
<testsuite name="io.trustody.assetlibrary.persistence.RepositoryRepositoryTest" tests="1" skipped="0" failures="0" errors="0" timestamp="2022-11-10T23:12:46" hostname="Felixs-MBP-2" time="0.152">
  <properties/>
  <testcase name="testRepo()" classname="io.trustody.assetlibrary.persistence.RepositoryRepositoryTest" time="0.152"/>
  <system-out><![CDATA[[mongod output]{"t":{"$date":"2022-11-11T00:12:45.244+01:00"},"s":"I",  "c":"CONTROL",  "id":23285,   "ctx":"main","msg":"Automatically disabling TLS 1.0, to force-enable TLS 1.0 specify --sslDisabledProtocols 'none'"}
[mongod output] {"t":{"$date":"2022-11-11T00:12:45.249+01:00"},"s":"W",  "c":"ASIO",     "id":22601,   "ctx":"main","msg":"No TransportLayer configured during NetworkInterface startup"}
[mongod output] {"t":{"$date":"2022-11-11T00:12:45.249+01:00"},"s":"I",  "c":"NETWORK",  "id":4648602, "ctx":"main","msg":"Implicit TCP FastOpen in use."}
[mongod output] {"t":{"$date":"2022-11-11T00:12:45.249+01:00"},"s":"I",  "c":"STORAGE",  "id":4615611, "ctx":"initandlisten","msg":"MongoDB starting","attr":{"pid":9122,"port":27017,"dbPath":"/var/folders/0x/vscfd6jj6h13v8zw_wmv_97c0000gn/T/embedmongo-db-5e07482d-2ca0-4de3-bb55-a15a139ea999","architecture":"64-bit","host":"Felixs-MBP-2"}}
[mongod output] {"t":{"$date":"2022-11-11T00:12:45.249+01:00"},"s":"I",  "c":"CONTROL",  "id":23403,   "ctx":"initandlisten","msg":"Build Info","attr":{"buildInfo":{"version":"4.4.13","gitVersion":"df25c71b8674a78e17468f48bcda5285decb9246","modules":[],"allocator":"system","environment":{"distarch":"x86_64","target_arch":"x86_64"}}}}
[mongod output] {"t":{"$date":"2022-11-11T00:12:45.249+01:00"},"s":"I",  "c":"CONTROL",  "id":51765,   "ctx":"initandlisten","msg":"Operating System","attr":{"os":{"name":"Mac OS X","version":"22.1.0"}}}
[mongod output] {"t":{"$date":"2022-11-11T00:12:45.249+01:00"},"s":"I",  "c":"CONTROL",  "id":21951,   "ctx":"initandlisten","msg":"Options set by command line","attr":{"options":{"net":{"bindIp":"127.0.0.1","port":27017},"security":{"authorization":"disabled"},"storage":{"dbPath":"/var/folders/0x/vscfd6jj6h13v8zw_wmv_97c0000gn/T/embedmongo-db-5e07482d-2ca0-4de3-bb55-a15a139ea999","journal":{"enabled":false},"syncPeriodSecs":0.0}}}}
[mongod output] {"t":{"$date":"2022-11-11T00:12:45.270+01:00"},"s":"I",  "c":"STORAGE",  "id":22315,   "ctx":"initandlisten","msg":"Opening WiredTiger","attr":{"config":"create,cache_size=7680M,session_max=33000,eviction=(threads_min=4,threads_max=4),config_base=false,statistics=(fast),log=(enabled=true,archive=true,path=journal,compressor=snappy),file_manager=(close_idle_time=100000,close_scan_interval=10,close_handle_minimum=250),statistics_log=(wait=0),verbose=[recovery_progress,checkpoint_progress,compact_progress],,log=(enabled=false),"}}
[mongod output] {"t":{"$date":"2022-11-11T00:12:45.391+01:00"},"s":"I",  "c":"STORAGE",  "id":22430,   "ctx":"initandlisten","msg":"WiredTiger message","attr":{"message":"[1668121965:391685][9122:0x2054a02c0], txn-recover: [WT_VERB_RECOVERY | WT_VERB_RECOVERY_PROGRESS] Set global recovery timestamp: (0, 0)"}}
[mongod output] {"t":{"$date":"2022-11-11T00:12:45.391+01:00"},"s":"I",  "c":"STORAGE",  "id":22430,   "ctx":"initandlisten","msg":"WiredTiger message","attr":{"message":"[1668121965:391756][9122:0x2054a02c0], txn-recover: [WT_VERB_RECOVERY | WT_VERB_RECOVERY_PROGRESS] Set global oldest timestamp: (0, 0)"}}
[mongod output] {"t":{"$date":"2022-11-11T00:12:45.419+01:00"},"s":"I",  "c":"STORAGE",  "id":4795906, "ctx":"initandlisten","msg":"WiredTiger opened","attr":{"durationMillis":148}}
[mongod output] {"t":{"$date":"2022-11-11T00:12:45.420+01:00"},"s":"I",  "c":"RECOVERY", "id":23987,   "ctx":"initandlisten","msg":"WiredTiger recoveryTimestamp","attr":{"recoveryTimestamp":{"$timestamp":{"t":0,"i":0}}}}
[mongod output] {"t":{"$date":"2022-11-11T00:12:45.456+01:00"},"s":"I",  "c":"STORAGE",  "id":4366408, "ctx":"initandlisten","msg":"No table logging settings modifications are required for existing WiredTiger tables","attr":{"loggingEnabled":true}}
[mongod output] {"t":{"$date":"2022-11-11T00:12:45.456+01:00"},"s":"I",  "c":"STORAGE",  "id":22262,   "ctx":"initandlisten","msg":"Timestamp monitor starting"}
[mongod output] {"t":{"$date":"2022-11-11T00:12:45.457+01:00"},"s":"W",  "c":"CONTROL",  "id":22184,   "ctx":"initandlisten","msg":"Soft rlimits too low","attr":{"currentValue":10240,"recommendedMinimum":64000},"tags":["startupWarnings"]}
[mongod output] {"t":{"$date":"2022-11-11T00:12:45.458+01:00"},"s":"I",  "c":"STORAGE",  "id":20320,   "ctx":"initandlisten","msg":"createCollection","attr":{"namespace":"admin.system.version","uuidDisposition":"provided","uuid":{"uuid":{"$uuid":"9193d331-7112-4324-839c-a56f24c96d00"}},"options":{"uuid":{"$uuid":"9193d331-7112-4324-839c-a56f24c96d00"}}}}
[mongod output] {"t":{"$date":"2022-11-11T00:12:45.490+01:00"},"s":"I",  "c":"INDEX",    "id":20345,   "ctx":"initandlisten","msg":"Index build: done building","attr":{"buildUUID":null,"namespace":"admin.system.version","index":"_id_","commitTimestamp":{"$timestamp":{"t":0,"i":0}}}}
[mongod output] {"t":{"$date":"2022-11-11T00:12:45.490+01:00"},"s":"I",  "c":"COMMAND",  "id":20459,   "ctx":"initandlisten","msg":"Setting featureCompatibilityVersion","attr":{"newVersion":"4.4"}}
[mongod output] {"t":{"$date":"2022-11-11T00:12:45.491+01:00"},"s":"I",  "c":"STORAGE",  "id":20536,   "ctx":"initandlisten","msg":"Flow Control is enabled on this deployment"}
[mongod output] {"t":{"$date":"2022-11-11T00:12:45.492+01:00"},"s":"I",  "c":"STORAGE",  "id":20320,   "ctx":"initandlisten","msg":"createCollection","attr":{"namespace":"local.startup_log","uuidDisposition":"generated","uuid":{"uuid":{"$uuid":"2e2b2ee5-8541-42f9-929a-c3da7586648a"}},"options":{"capped":true,"size":10485760}}}
[mongod output] {"t":{"$date":"2022-11-11T00:12:45.524+01:00"},"s":"I",  "c":"INDEX",    "id":20345,   "ctx":"initandlisten","msg":"Index build: done building","attr":{"buildUUID":null,"namespace":"local.startup_log","index":"_id_","commitTimestamp":{"$timestamp":{"t":0,"i":0}}}}
[mongod output] {"t":{"$date":"2022-11-11T00:12:45.524+01:00"},"s":"I",  "c":"FTDC",     "id":20625,   "ctx":"initandlisten","msg":"Initializing full-time diagnostic data capture","attr":{"dataDirectory":"/var/folders/0x/vscfd6jj6h13v8zw_wmv_97c0000gn/T/embedmongo-db-5e07482d-2ca0-4de3-bb55-a15a139ea999/diagnostic.data"}}
[mongod output] {"t":{"$date":"2022-11-11T00:12:45.524+01:00"},"s":"I",  "c":"REPL",     "id":6015317, "ctx":"initandlisten","msg":"Setting new configuration state","attr":{"newState":"ConfigReplicationDisabled","oldState":"ConfigPreStart"}}
[mongod output] {"t":{"$date":"2022-11-11T00:12:45.525+01:00"},"s":"I",  "c":"NETWORK",  "id":23015,   "ctx":"listener","msg":"Listening on","attr":{"address":"/tmp/mongodb-27017.sock"}}
[mongod output] {"t":{"$date":"2022-11-11T00:12:45.525+01:00"},"s":"I",  "c":"NETWORK",  "id":23015,   "ctx":"listener","msg":"Listening on","attr":{"address":"127.0.0.1"}}
[mongod output] {"t":{"$date":"2022-11-11T00:12:45.525+01:00"},"s":"I",  "c":"NETWORK",  "id":23016,   "ctx":"listener","msg":"Waiting for connections","attr":{"port":27017,"ssl":"off"}}
[mongod output] {"t":{"$date":"2022-11-11T00:12:45.528+01:00"},"s":"I",  "c":"CONTROL",  "id":20712,   "ctx":"LogicalSessionCacheReap","msg":"Sessions collection is not set up; waiting until next sessions reap interval","attr":{"error":"NamespaceNotFound: config.system.sessions does not exist"}}
[mongod output] {"t":{"$date":"2022-11-11T00:12:45.529+01:00"},"s":"I",  "c":"STORAGE",  "id":20320,   "ctx":"LogicalSessionCacheRefresh","msg":"createCollection","attr":{"namespace":"config.system.sessions","uuidDisposition":"generated","uuid":{"uuid":{"$uuid":"33173fe9-2a67-48e6-b0f7-add8d72928c9"}},"options":{}}}
[mongod output] {"t":{"$date":"2022-11-11T00:12:45.582+01:00"},"s":"I",  "c":"INDEX",    "id":20345,   "ctx":"LogicalSessionCacheRefresh","msg":"Index build: done building","attr":{"buildUUID":null,"namespace":"config.system.sessions","index":"_id_","commitTimestamp":{"$timestamp":{"t":0,"i":0}}}}
[mongod output] {"t":{"$date":"2022-11-11T00:12:45.582+01:00"},"s":"I",  "c":"INDEX",    "id":20345,   "ctx":"LogicalSessionCacheRefresh","msg":"Index build: done building","attr":{"buildUUID":null,"namespace":"config.system.sessions","index":"lsidTTLIndex","commitTimestamp":{"$timestamp":{"t":0,"i":0}}}}
[mongod output] {"t":{"$date":"2022-11-11T00:12:45.696+01:00"},"s":"I",  "c":"NETWORK",  "id":22943,   "ctx":"listener","msg":"Connection accepted","attr":{"remote":"127.0.0.1:57512","connectionId":1,"connectionCount":1}}
[mongod output] {"t":{"$date":"2022-11-11T00:12:45.696+01:00"},"s":"I",  "c":"NETWORK",  "id":22943,   "ctx":"listener","msg":"Connection accepted","attr":{"remote":"127.0.0.1:57513","connectionId":2,"connectionCount":2}}
[mongod output] {"t":{"$date":"2022-11-11T00:12:45.710+01:00"},"s":"I",  "c":"NETWORK",  "id":51800,   "ctx":"conn1","msg":"client metadata","attr":{"remote":"127.0.0.1:57512","client":"conn1","doc":{"driver":{"name":"mongo-java-driver","version":"4.3.3"},"os":{"type":"Darwin","name":"Mac OS X","architecture":"x86_64","version":"13.0.1"},"platform":"Java/Eclipse Adoptium/11.0.15+10"}}}
[mongod output] {"t":{"$date":"2022-11-11T00:12:45.710+01:00"},"s":"I",  "c":"NETWORK",  "id":51800,   "ctx":"conn2","msg":"client metadata","attr":{"remote":"127.0.0.1:57513","client":"conn2","doc":{"driver":{"name":"mongo-java-driver","version":"4.3.3"},"os":{"type":"Darwin","name":"Mac OS X","architecture":"x86_64","version":"13.0.1"},"platform":"Java/Eclipse Adoptium/11.0.15+10"}}}
[mongod output] {"t":{"$date":"2022-11-11T00:12:46.449+01:00"},"s":"I",  "c":"NETWORK",  "id":22943,   "ctx":"listener","msg":"Connection accepted","attr":{"remote":"127.0.0.1:57514","connectionId":3,"connectionCount":3}}
[mongod output] {"t":{"$date":"2022-11-11T00:12:46.451+01:00"},"s":"I",  "c":"NETWORK",  "id":51800,   "ctx":"conn3","msg":"client metadata","attr":{"remote":"127.0.0.1:57514","client":"conn3","doc":{"driver":{"name":"mongo-java-driver","version":"4.3.3"},"os":{"type":"Darwin","name":"Mac OS X","architecture":"x86_64","version":"13.0.1"},"platform":"Java/Eclipse Adoptium/11.0.15+10"}}}
[mongod output] {"t":{"$date":"2022-11-11T00:12:46.472+01:00"},"s":"I",  "c":"STORAGE",  "id":20320,   "ctx":"conn3","msg":"createCollection","attr":{"namespace":"assets.assets","uuidDisposition":"generated","uuid":{"uuid":{"$uuid":"a73dd833-8d0d-4997-919e-57ffe1544d38"}},"options":{}}}
[mongod output] {"t":{"$date":"2022-11-11T00:12:46.525+01:00"},"s":"I",  "c":"INDEX",    "id":20345,   "ctx":"conn3","msg":"Index build: done building","attr":{"buildUUID":null,"namespace":"assets.assets","index":"_id_","commitTimestamp":{"$timestamp":{"t":0,"i":0}}}}
[mongod output] {"t":{"$date":"2022-11-11T00:12:46.525+01:00"},"s":"I",  "c":"INDEX",    "id":20345,   "ctx":"conn3","msg":"Index build: done building","attr":{"buildUUID":null,"namespace":"assets.assets","index":"address_1","commitTimestamp":{"$timestamp":{"t":0,"i":0}}}}
[mongod output] {"t":{"$date":"2022-11-11T00:12:46.598+01:00"},"s":"I",  "c":"STORAGE",  "id":20320,   "ctx":"conn3","msg":"createCollection","attr":{"namespace":"assets.networks","uuidDisposition":"generated","uuid":{"uuid":{"$uuid":"5a471263-8c2f-4a8d-90e2-7f7deb05c384"}},"options":{}}}
[mongod output] {"t":{"$date":"2022-11-11T00:12:46.632+01:00"},"s":"I",  "c":"INDEX",    "id":20345,   "ctx":"conn3","msg":"Index build: done building","attr":{"buildUUID":null,"namespace":"assets.networks","index":"_id_","commitTimestamp":{"$timestamp":{"t":0,"i":0}}}}
[mongod output] {"t":{"$date":"2022-11-11T00:12:46.722+01:00"},"s":"I",  "c":"NETWORK",  "id":22943,   "ctx":"listener","msg":"Connection accepted","attr":{"remote":"127.0.0.1:57515","connectionId":4,"connectionCount":4}}
[mongod output] {"t":{"$date":"2022-11-11T00:12:46.723+01:00"},"s":"I",  "c":"COMMAND",  "id":20475,   "ctx":"conn4","msg":"Terminating via shutdown command","attr":{"cmdObj":{"shutdown":1,"force":true,"timeoutSecs":0,"$db":"admin"}}}
[mongod output] {"t":{"$date":"2022-11-11T00:12:46.723+01:00"},"s":"I",  "c":"COMMAND",  "id":4784901, "ctx":"conn4","msg":"Shutting down the MirrorMaestro"}
[mongod output] {"t":{"$date":"2022-11-11T00:12:46.723+01:00"},"s":"I",  "c":"SHARDING", "id":4784902, "ctx":"conn4","msg":"Shutting down the WaitForMajorityService"}
[mongod output] {"t":{"$date":"2022-11-11T00:12:46.723+01:00"},"s":"I",  "c":"CONTROL",  "id":4784903, "ctx":"conn4","msg":"Shutting down the LogicalSessionCache"}
[mongod output] {"t":{"$date":"2022-11-11T00:12:46.723+01:00"},"s":"I",  "c":"NETWORK",  "id":20562,   "ctx":"conn4","msg":"Shutdown: going to close listening sockets"}
[mongod output] {"t":{"$date":"2022-11-11T00:12:46.724+01:00"},"s":"I",  "c":"NETWORK",  "id":23017,   "ctx":"listener","msg":"removing socket file","attr":{"path":"/tmp/mongodb-27017.sock"}}
[mongod output] {"t":{"$date":"2022-11-11T00:12:46.724+01:00"},"s":"I",  "c":"NETWORK",  "id":4784905, "ctx":"conn4","msg":"Shutting down the global connection pool"}
[mongod output] {"t":{"$date":"2022-11-11T00:12:46.724+01:00"},"s":"I",  "c":"STORAGE",  "id":4784906, "ctx":"conn4","msg":"Shutting down the FlowControlTicketholder"}
[mongod output] {"t":{"$date":"2022-11-11T00:12:46.724+01:00"},"s":"I",  "c":"-",        "id":20520,   "ctx":"conn4","msg":"Stopping further Flow Control ticket acquisitions."}
[mongod output] {"t":{"$date":"2022-11-11T00:12:46.724+01:00"},"s":"I",  "c":"STORAGE",  "id":4784908, "ctx":"conn4","msg":"Shutting down the PeriodicThreadToAbortExpiredTransactions"}
[mongod output] {"t":{"$date":"2022-11-11T00:12:46.724+01:00"},"s":"I",  "c":"STORAGE",  "id":4784934, "ctx":"conn4","msg":"Shutting down the PeriodicThreadToDecreaseSnapshotHistoryCachePressure"}
[mongod output] {"t":{"$date":"2022-11-11T00:12:46.724+01:00"},"s":"I",  "c":"REPL",     "id":4784909, "ctx":"conn4","msg":"Shutting down the ReplicationCoordinator"}
[mongod output] {"t":{"$date":"2022-11-11T00:12:46.724+01:00"},"s":"I",  "c":"SHARDING", "id":4784910, "ctx":"conn4","msg":"Shutting down the ShardingInitializationMongoD"}
[mongod output] {"t":{"$date":"2022-11-11T00:12:46.724+01:00"},"s":"I",  "c":"REPL",     "id":4784911, "ctx":"conn4","msg":"Enqueuing the ReplicationStateTransitionLock for shutdown"}
[mongod output] {"t":{"$date":"2022-11-11T00:12:46.724+01:00"},"s":"I",  "c":"-",        "id":4784912, "ctx":"conn4","msg":"Killing all operations for shutdown"}
[mongod output] {"t":{"$date":"2022-11-11T00:12:46.724+01:00"},"s":"I",  "c":"-",        "id":4695300, "ctx":"conn4","msg":"Interrupted all currently running operations","attr":{"opsKilled":3}}
[mongod output] {"t":{"$date":"2022-11-11T00:12:46.724+01:00"},"s":"I",  "c":"COMMAND",  "id":4784913, "ctx":"conn4","msg":"Shutting down all open transactions"}
[mongod output] {"t":{"$date":"2022-11-11T00:12:46.724+01:00"},"s":"I",  "c":"REPL",     "id":4784914, "ctx":"conn4","msg":"Acquiring the ReplicationStateTransitionLock for shutdown"}
[mongod output] {"t":{"$date":"2022-11-11T00:12:46.724+01:00"},"s":"I",  "c":"INDEX",    "id":4784915, "ctx":"conn4","msg":"Shutting down the IndexBuildsCoordinator"}
[mongod output] {"t":{"$date":"2022-11-11T00:12:46.725+01:00"},"s":"I",  "c":"REPL",     "id":4784916, "ctx":"conn4","msg":"Reacquiring the ReplicationStateTransitionLock for shutdown"}
[mongod output] {"t":{"$date":"2022-11-11T00:12:46.725+01:00"},"s":"I",  "c":"REPL",     "id":4784917, "ctx":"conn4","msg":"Attempting to mark clean shutdown"}
[mongod output] {"t":{"$date":"2022-11-11T00:12:46.725+01:00"},"s":"I",  "c":"NETWORK",  "id":4784918, "ctx":"conn4","msg":"Shutting down the ReplicaSetMonitor"}
[mongod output] {"t":{"$date":"2022-11-11T00:12:46.725+01:00"},"s":"I",  "c":"SHARDING", "id":4784921, "ctx":"conn4","msg":"Shutting down the MigrationUtilExecutor"}
[mongod output] {"t":{"$date":"2022-11-11T00:12:46.725+01:00"},"s":"I",  "c":"CONTROL",  "id":4784925, "ctx":"conn4","msg":"Shutting down free monitoring"}
[mongod output] {"t":{"$date":"2022-11-11T00:12:46.725+01:00"},"s":"I",  "c":"CONTROL",  "id":20609,   "ctx":"conn4","msg":"Shutting down free monitoring"}
[mongod output] {"t":{"$date":"2022-11-11T00:12:46.725+01:00"},"s":"I",  "c":"STORAGE",  "id":4784927, "ctx":"conn4","msg":"Shutting down the HealthLog"}
[mongod output] {"t":{"$date":"2022-11-11T00:12:46.725+01:00"},"s":"I",  "c":"STORAGE",  "id":4784929, "ctx":"conn4","msg":"Acquiring the global lock for shutdown"}
[mongod output] {"t":{"$date":"2022-11-11T00:12:46.725+01:00"},"s":"I",  "c":"STORAGE",  "id":4784930, "ctx":"conn4","msg":"Shutting down the storage engine"}
[mongod output] {"t":{"$date":"2022-11-11T00:12:46.725+01:00"},"s":"I",  "c":"STORAGE",  "id":22320,   "ctx":"conn4","msg":"Shutting down journal flusher thread"}
[mongod output] {"t":{"$date":"2022-11-11T00:12:46.726+01:00"},"s":"I",  "c":"STORAGE",  "id":22430,   "ctx":"JournalFlusher","msg":"WiredTiger message","attr":{"message":"[1668121966:726629][9122:0x30a9fe000], WT_SESSION.checkpoint: [WT_VERB_CHECKPOINT_PROGRESS] saving checkpoint snapshot min: 56, snapshot max: 56 snapshot count: 0, oldest timestamp: (0, 0) , meta checkpoint timestamp: (0, 0) base write gen: 1"}}
[mongod output] {"t":{"$date":"2022-11-11T00:12:46.740+01:00"},"s":"I",  "c":"NETWORK",  "id":22944,   "ctx":"conn1","msg":"Connection ended","attr":{"remote":"127.0.0.1:57512","connectionId":1,"connectionCount":3}}
[mongod output] {"t":{"$date":"2022-11-11T00:12:46.775+01:00"},"s":"I",  "c":"STORAGE",  "id":22321,   "ctx":"conn4","msg":"Finished shutting down journal flusher thread"}
[mongod output] {"t":{"$date":"2022-11-11T00:12:46.775+01:00"},"s":"I",  "c":"STORAGE",  "id":20282,   "ctx":"conn4","msg":"Deregistering all the collections"}
[mongod output] {"t":{"$date":"2022-11-11T00:12:46.775+01:00"},"s":"I",  "c":"STORAGE",  "id":22261,   "ctx":"conn4","msg":"Timestamp monitor shutting down"}
[mongod output] {"t":{"$date":"2022-11-11T00:12:46.775+01:00"},"s":"I",  "c":"STORAGE",  "id":22317,   "ctx":"conn4","msg":"WiredTigerKVEngine shutting down"}
[mongod output] {"t":{"$date":"2022-11-11T00:12:46.775+01:00"},"s":"I",  "c":"STORAGE",  "id":22318,   "ctx":"conn4","msg":"Shutting down session sweeper thread"}
[mongod output] {"t":{"$date":"2022-11-11T00:12:46.775+01:00"},"s":"I",  "c":"STORAGE",  "id":22319,   "ctx":"conn4","msg":"Finished shutting down session sweeper thread"}
[mongod output] {"t":{"$date":"2022-11-11T00:12:46.775+01:00"},"s":"I",  "c":"STORAGE",  "id":22322,   "ctx":"conn4","msg":"Shutting down checkpoint thread"}
[mongod output] {"t":{"$date":"2022-11-11T00:12:46.776+01:00"},"s":"I",  "c":"STORAGE",  "id":22323,   "ctx":"conn4","msg":"Finished shutting down checkpoint thread"}
[mongod output] {"t":{"$date":"2022-11-11T00:12:46.776+01:00"},"s":"I",  "c":"STORAGE",  "id":4795902, "ctx":"conn4","msg":"Closing WiredTiger","attr":{"closeConfig":"leak_memory=true,"}}
[mongod output] {"t":{"$date":"2022-11-11T00:12:46.776+01:00"},"s":"I",  "c":"STORAGE",  "id":22430,   "ctx":"conn4","msg":"WiredTiger message","attr":{"message":"[1668121966:776602][9122:0x30b63a000], close_ckpt: [WT_VERB_CHECKPOINT_PROGRESS] saving checkpoint snapshot min: 59, snapshot max: 59 snapshot count: 0, oldest timestamp: (0, 0) , meta checkpoint timestamp: (0, 0) base write gen: 1"}}
[mongod output] {"t":{"$date":"2022-11-11T00:12:46.799+01:00"},"s":"I",  "c":"STORAGE",  "id":4795901, "ctx":"conn4","msg":"WiredTiger closed","attr":{"durationMillis":23}}
[mongod output] {"t":{"$date":"2022-11-11T00:12:46.799+01:00"},"s":"I",  "c":"STORAGE",  "id":22279,   "ctx":"conn4","msg":"shutdown: removing fs lock..."}
[mongod output] {"t":{"$date":"2022-11-11T00:12:46.799+01:00"},"s":"I",  "c":"-",        "id":4784931, "ctx":"conn4","msg":"Dropping the scope cache for shutdown"}
[mongod output] {"t":{"$date":"2022-11-11T00:12:46.799+01:00"},"s":"I",  "c":"FTDC",     "id":4784926, "ctx":"conn4","msg":"Shutting down full-time data capture"}
[mongod output] {"t":{"$date":"2022-11-11T00:12:46.799+01:00"},"s":"I",  "c":"FTDC",     "id":20626,   "ctx":"conn4","msg":"Shutting down full-time diagnostic data capture"}
[mongod output] {"t":{"$date":"2022-11-11T00:12:46.800+01:00"},"s":"I",  "c":"CONTROL",  "id":20565,   "ctx":"conn4","msg":"Now exiting"}
[mongod output] {"t":{"$date":"2022-11-11T00:12:46.800+01:00"},"s":"I",  "c":"CONTROL",  "id":23138,   "ctx":"conn4","msg":"Shutting down","attr":{"exitCode":0}}
[mongod output] 
]]></system-out>
  <system-err><![CDATA[SLF4J: No SLF4J providers were found.
SLF4J: Defaulting to no-operation (NOP) logger implementation
SLF4J: See http://www.slf4j.org/codes.html#noProviders for further details.
]]></system-err>
</testsuite>
