<?xml version="1.0" encoding="UTF-8"?>
<testsuite name="io.trustody.assetlibrary.persistence.RepositoryRepositoryTest" tests="1" skipped="0" failures="0" errors="0" timestamp="2022-09-20T10:03:33" hostname="Felixs-MacBook-Pro.local" time="7.66">
  <properties/>
  <testcase name="testRepo()" classname="io.trustody.assetlibrary.persistence.RepositoryRepositoryTest" time="7.66"/>
  <system-out><![CDATA[[mongod output]{"t":{"$date":"2022-09-20T13:03:31.416+03:00"},"s":"I",  "c":"CONTROL",  "id":23285,   "ctx":"main","msg":"Automatically disabling TLS 1.0, to force-enable TLS 1.0 specify --sslDisabledProtocols 'none'"}
[mongod output] {"t":{"$date":"2022-09-20T13:03:31.419+03:00"},"s":"W",  "c":"ASIO",     "id":22601,   "ctx":"main","msg":"No TransportLayer configured during NetworkInterface startup"}
[mongod output] {"t":{"$date":"2022-09-20T13:03:31.419+03:00"},"s":"I",  "c":"NETWORK",  "id":4648602, "ctx":"main","msg":"Implicit TCP FastOpen in use."}
[mongod output] {"t":{"$date":"2022-09-20T13:03:31.420+03:00"},"s":"I",  "c":"STORAGE",  "id":4615611, "ctx":"initandlisten","msg":"MongoDB starting","attr":{"pid":52909,"port":27017,"dbPath":"/var/folders/0x/vscfd6jj6h13v8zw_wmv_97c0000gn/T/embedmongo-db-5d13c63b-4e57-47a1-9c07-b16ecaec038a","architecture":"64-bit","host":"Felixs-MacBook-Pro.local"}}
[mongod output] {"t":{"$date":"2022-09-20T13:03:31.420+03:00"},"s":"I",  "c":"CONTROL",  "id":23403,   "ctx":"initandlisten","msg":"Build Info","attr":{"buildInfo":{"version":"4.4.13","gitVersion":"df25c71b8674a78e17468f48bcda5285decb9246","modules":[],"allocator":"system","environment":{"distarch":"x86_64","target_arch":"x86_64"}}}}
[mongod output] {"t":{"$date":"2022-09-20T13:03:31.420+03:00"},"s":"I",  "c":"CONTROL",  "id":51765,   "ctx":"initandlisten","msg":"Operating System","attr":{"os":{"name":"Mac OS X","version":"21.6.0"}}}
[mongod output] {"t":{"$date":"2022-09-20T13:03:31.420+03:00"},"s":"I",  "c":"CONTROL",  "id":21951,   "ctx":"initandlisten","msg":"Options set by command line","attr":{"options":{"net":{"bindIp":"127.0.0.1","port":27017},"security":{"authorization":"disabled"},"storage":{"dbPath":"/var/folders/0x/vscfd6jj6h13v8zw_wmv_97c0000gn/T/embedmongo-db-5d13c63b-4e57-47a1-9c07-b16ecaec038a","journal":{"enabled":false},"syncPeriodSecs":0.0}}}}
[mongod output] {"t":{"$date":"2022-09-20T13:03:31.423+03:00"},"s":"I",  "c":"STORAGE",  "id":22315,   "ctx":"initandlisten","msg":"Opening WiredTiger","attr":{"config":"create,cache_size=7680M,session_max=33000,eviction=(threads_min=4,threads_max=4),config_base=false,statistics=(fast),log=(enabled=true,archive=true,path=journal,compressor=snappy),file_manager=(close_idle_time=100000,close_scan_interval=10,close_handle_minimum=250),statistics_log=(wait=0),verbose=[recovery_progress,checkpoint_progress,compact_progress],,log=(enabled=false),"}}
[mongod output] {"t":{"$date":"2022-09-20T13:03:31.579+03:00"},"s":"I",  "c":"STORAGE",  "id":22430,   "ctx":"initandlisten","msg":"WiredTiger message","attr":{"message":"[1663668211:578999][52909:0x20495c600], txn-recover: [WT_VERB_RECOVERY | WT_VERB_RECOVERY_PROGRESS] Set global recovery timestamp: (0, 0)"}}
[mongod output] {"t":{"$date":"2022-09-20T13:03:31.579+03:00"},"s":"I",  "c":"STORAGE",  "id":22430,   "ctx":"initandlisten","msg":"WiredTiger message","attr":{"message":"[1663668211:579061][52909:0x20495c600], txn-recover: [WT_VERB_RECOVERY | WT_VERB_RECOVERY_PROGRESS] Set global oldest timestamp: (0, 0)"}}
[mongod output] {"t":{"$date":"2022-09-20T13:03:31.691+03:00"},"s":"I",  "c":"STORAGE",  "id":4795906, "ctx":"initandlisten","msg":"WiredTiger opened","attr":{"durationMillis":268}}
[mongod output] {"t":{"$date":"2022-09-20T13:03:31.691+03:00"},"s":"I",  "c":"RECOVERY", "id":23987,   "ctx":"initandlisten","msg":"WiredTiger recoveryTimestamp","attr":{"recoveryTimestamp":{"$timestamp":{"t":0,"i":0}}}}
[mongod output] {"t":{"$date":"2022-09-20T13:03:31.830+03:00"},"s":"I",  "c":"STORAGE",  "id":4366408, "ctx":"initandlisten","msg":"No table logging settings modifications are required for existing WiredTiger tables","attr":{"loggingEnabled":true}}
[mongod output] {"t":{"$date":"2022-09-20T13:03:31.831+03:00"},"s":"I",  "c":"STORAGE",  "id":22262,   "ctx":"initandlisten","msg":"Timestamp monitor starting"}
[mongod output] {"t":{"$date":"2022-09-20T13:03:31.832+03:00"},"s":"W",  "c":"CONTROL",  "id":22184,   "ctx":"initandlisten","msg":"Soft rlimits too low","attr":{"currentValue":10240,"recommendedMinimum":64000},"tags":["startupWarnings"]}
[mongod output] {"t":{"$date":"2022-09-20T13:03:31.833+03:00"},"s":"I",  "c":"STORAGE",  "id":20320,   "ctx":"initandlisten","msg":"createCollection","attr":{"namespace":"admin.system.version","uuidDisposition":"provided","uuid":{"uuid":{"$uuid":"63b2dd2b-52a6-48a1-9f6a-4bc6edde40f8"}},"options":{"uuid":{"$uuid":"63b2dd2b-52a6-48a1-9f6a-4bc6edde40f8"}}}}
[mongod output] {"t":{"$date":"2022-09-20T13:03:31.986+03:00"},"s":"I",  "c":"INDEX",    "id":20345,   "ctx":"initandlisten","msg":"Index build: done building","attr":{"buildUUID":null,"namespace":"admin.system.version","index":"_id_","commitTimestamp":{"$timestamp":{"t":0,"i":0}}}}
[mongod output] {"t":{"$date":"2022-09-20T13:03:31.986+03:00"},"s":"I",  "c":"COMMAND",  "id":20459,   "ctx":"initandlisten","msg":"Setting featureCompatibilityVersion","attr":{"newVersion":"4.4"}}
[mongod output] {"t":{"$date":"2022-09-20T13:03:31.987+03:00"},"s":"I",  "c":"STORAGE",  "id":20536,   "ctx":"initandlisten","msg":"Flow Control is enabled on this deployment"}
[mongod output] {"t":{"$date":"2022-09-20T13:03:31.988+03:00"},"s":"I",  "c":"STORAGE",  "id":20320,   "ctx":"initandlisten","msg":"createCollection","attr":{"namespace":"local.startup_log","uuidDisposition":"generated","uuid":{"uuid":{"$uuid":"7351f405-f953-440f-b5bb-6e160e732f75"}},"options":{"capped":true,"size":10485760}}}
[mongod output] {"t":{"$date":"2022-09-20T13:03:32.139+03:00"},"s":"I",  "c":"INDEX",    "id":20345,   "ctx":"initandlisten","msg":"Index build: done building","attr":{"buildUUID":null,"namespace":"local.startup_log","index":"_id_","commitTimestamp":{"$timestamp":{"t":0,"i":0}}}}
[mongod output] {"t":{"$date":"2022-09-20T13:03:32.139+03:00"},"s":"I",  "c":"FTDC",     "id":20625,   "ctx":"initandlisten","msg":"Initializing full-time diagnostic data capture","attr":{"dataDirectory":"/var/folders/0x/vscfd6jj6h13v8zw_wmv_97c0000gn/T/embedmongo-db-5d13c63b-4e57-47a1-9c07-b16ecaec038a/diagnostic.data"}}
[mongod output] {"t":{"$date":"2022-09-20T13:03:32.140+03:00"},"s":"I",  "c":"REPL",     "id":6015317, "ctx":"initandlisten","msg":"Setting new configuration state","attr":{"newState":"ConfigReplicationDisabled","oldState":"ConfigPreStart"}}
[mongod output] {"t":{"$date":"2022-09-20T13:03:32.142+03:00"},"s":"I",  "c":"NETWORK",  "id":23015,   "ctx":"listener","msg":"Listening on","attr":{"address":"/tmp/mongodb-27017.sock"}}
[mongod output] {"t":{"$date":"2022-09-20T13:03:32.142+03:00"},"s":"I",  "c":"NETWORK",  "id":23015,   "ctx":"listener","msg":"Listening on","attr":{"address":"127.0.0.1"}}
[mongod output] {"t":{"$date":"2022-09-20T13:03:32.142+03:00"},"s":"I",  "c":"NETWORK",  "id":23016,   "ctx":"listener","msg":"Waiting for connections","attr":{"port":27017,"ssl":"off"}}
[mongod output] {"t":{"$date":"2022-09-20T13:03:32.149+03:00"},"s":"I",  "c":"CONTROL",  "id":20712,   "ctx":"LogicalSessionCacheReap","msg":"Sessions collection is not set up; waiting until next sessions reap interval","attr":{"error":"NamespaceNotFound: config.system.sessions does not exist"}}
[mongod output] {"t":{"$date":"2022-09-20T13:03:32.150+03:00"},"s":"I",  "c":"STORAGE",  "id":20320,   "ctx":"LogicalSessionCacheRefresh","msg":"createCollection","attr":{"namespace":"config.system.sessions","uuidDisposition":"generated","uuid":{"uuid":{"$uuid":"7a9bd368-5ffc-4dfe-9132-98834729fe7d"}},"options":{}}}
[mongod output] {"t":{"$date":"2022-09-20T13:03:32.332+03:00"},"s":"I",  "c":"NETWORK",  "id":22943,   "ctx":"listener","msg":"Connection accepted","attr":{"remote":"127.0.0.1:58539","connectionId":1,"connectionCount":1}}
[mongod output] {"t":{"$date":"2022-09-20T13:03:32.332+03:00"},"s":"I",  "c":"NETWORK",  "id":22943,   "ctx":"listener","msg":"Connection accepted","attr":{"remote":"127.0.0.1:58540","connectionId":2,"connectionCount":2}}
[mongod output] {"t":{"$date":"2022-09-20T13:03:32.371+03:00"},"s":"I",  "c":"NETWORK",  "id":51800,   "ctx":"conn2","msg":"client metadata","attr":{"remote":"127.0.0.1:58540","client":"conn2","doc":{"driver":{"name":"mongo-java-driver","version":"4.3.3"},"os":{"type":"Darwin","name":"Mac OS X","architecture":"x86_64","version":"12.6"},"platform":"Java/Eclipse Adoptium/11.0.15+10"}}}
[mongod output] {"t":{"$date":"2022-09-20T13:03:32.371+03:00"},"s":"I",  "c":"NETWORK",  "id":51800,   "ctx":"conn1","msg":"client metadata","attr":{"remote":"127.0.0.1:58539","client":"conn1","doc":{"driver":{"name":"mongo-java-driver","version":"4.3.3"},"os":{"type":"Darwin","name":"Mac OS X","architecture":"x86_64","version":"12.6"},"platform":"Java/Eclipse Adoptium/11.0.15+10"}}}
[mongod output] {"t":{"$date":"2022-09-20T13:03:32.371+03:00"},"s":"I",  "c":"INDEX",    "id":20345,   "ctx":"LogicalSessionCacheRefresh","msg":"Index build: done building","attr":{"buildUUID":null,"namespace":"config.system.sessions","index":"_id_","commitTimestamp":{"$timestamp":{"t":0,"i":0}}}}
[mongod output] {"t":{"$date":"2022-09-20T13:03:32.371+03:00"},"s":"I",  "c":"INDEX",    "id":20345,   "ctx":"LogicalSessionCacheRefresh","msg":"Index build: done building","attr":{"buildUUID":null,"namespace":"config.system.sessions","index":"lsidTTLIndex","commitTimestamp":{"$timestamp":{"t":0,"i":0}}}}
[mongod output] {"t":{"$date":"2022-09-20T13:03:32.372+03:00"},"s":"I",  "c":"COMMAND",  "id":51803,   "ctx":"LogicalSessionCacheRefresh","msg":"Slow query","attr":{"type":"command","ns":"config.system.sessions","command":{"createIndexes":"system.sessions","indexes":[{"key":{"lastUse":1},"name":"lsidTTLIndex","expireAfterSeconds":1800}],"writeConcern":{},"$db":"config"},"numYields":0,"reslen":114,"locks":{"ParallelBatchWriterMode":{"acquireCount":{"r":5}},"ReplicationStateTransition":{"acquireCount":{"w":5}},"Global":{"acquireCount":{"r":2,"w":3}},"Database":{"acquireCount":{"r":2,"w":3}},"Collection":{"acquireCount":{"r":3,"w":2}},"Mutex":{"acquireCount":{"r":6}}},"flowControl":{"acquireCount":1,"timeAcquiringMicros":2},"storage":{},"protocol":"op_msg","durationMillis":222}}
[mongod output] {"t":{"$date":"2022-09-20T13:03:33.063+03:00"},"s":"I",  "c":"NETWORK",  "id":22943,   "ctx":"listener","msg":"Connection accepted","attr":{"remote":"127.0.0.1:58541","connectionId":3,"connectionCount":3}}
[mongod output] {"t":{"$date":"2022-09-20T13:03:33.066+03:00"},"s":"I",  "c":"NETWORK",  "id":51800,   "ctx":"conn3","msg":"client metadata","attr":{"remote":"127.0.0.1:58541","client":"conn3","doc":{"driver":{"name":"mongo-java-driver","version":"4.3.3"},"os":{"type":"Darwin","name":"Mac OS X","architecture":"x86_64","version":"12.6"},"platform":"Java/Eclipse Adoptium/11.0.15+10"}}}
[mongod output] {"t":{"$date":"2022-09-20T13:03:33.084+03:00"},"s":"I",  "c":"STORAGE",  "id":20320,   "ctx":"conn3","msg":"createCollection","attr":{"namespace":"assets.networks","uuidDisposition":"generated","uuid":{"uuid":{"$uuid":"fc63577b-821e-422e-9cb8-fef57908bc68"}},"options":{}}}
[mongod output] {"t":{"$date":"2022-09-20T13:03:33.234+03:00"},"s":"I",  "c":"INDEX",    "id":20345,   "ctx":"conn3","msg":"Index build: done building","attr":{"buildUUID":null,"namespace":"assets.networks","index":"_id_","commitTimestamp":{"$timestamp":{"t":0,"i":0}}}}
[mongod output] {"t":{"$date":"2022-09-20T13:03:33.234+03:00"},"s":"I",  "c":"WRITE",    "id":51803,   "ctx":"conn3","msg":"Slow query","attr":{"type":"update","ns":"assets.networks","command":{"q":{"_id":{"$binary":{"base64":"mkK/DlCguFNQkzVWMsznsA==","subType":"3"}}},"u":{"_id":{"$binary":{"base64":"mkK/DlCguFNQkzVWMsznsA==","subType":"3"}},"_t":"Network","networkId":1293,"networkName":"Ethereum Random Network"},"multi":false,"upsert":true},"planSummary":"IDHACK","keysExamined":0,"docsExamined":0,"nMatched":0,"nModified":0,"upsert":true,"keysInserted":1,"numYields":0,"locks":{"ParallelBatchWriterMode":{"acquireCount":{"r":5}},"ReplicationStateTransition":{"acquireCount":{"w":5}},"Global":{"acquireCount":{"r":2,"w":3}},"Database":{"acquireCount":{"r":2,"w":3}},"Collection":{"acquireCount":{"r":1,"w":3}},"Mutex":{"acquireCount":{"r":6}}},"flowControl":{"acquireCount":3,"timeAcquiringMicros":4},"storage":{},"durationMillis":150}}
[mongod output] {"t":{"$date":"2022-09-20T13:03:33.234+03:00"},"s":"I",  "c":"COMMAND",  "id":51803,   "ctx":"conn3","msg":"Slow query","attr":{"type":"command","ns":"assets.$cmd","command":{"update":"networks","ordered":true,"$db":"assets","lsid":{"id":{"$uuid":"1a5941cd-3261-4e1a-8b46-a9c3a259e3f5"}}},"numYields":0,"reslen":120,"locks":{"ParallelBatchWriterMode":{"acquireCount":{"r":5}},"ReplicationStateTransition":{"acquireCount":{"w":6}},"Global":{"acquireCount":{"r":3,"w":3}},"Database":{"acquireCount":{"r":2,"w":3}},"Collection":{"acquireCount":{"r":1,"w":3}},"Mutex":{"acquireCount":{"r":6}}},"flowControl":{"acquireCount":3,"timeAcquiringMicros":4},"storage":{},"protocol":"op_msg","durationMillis":150}}
[mongod output] {"t":{"$date":"2022-09-20T13:03:39.682+03:00"},"s":"I",  "c":"NETWORK",  "id":22943,   "ctx":"listener","msg":"Connection accepted","attr":{"remote":"127.0.0.1:58544","connectionId":4,"connectionCount":4}}
[mongod output] {"t":{"$date":"2022-09-20T13:03:39.684+03:00"},"s":"I",  "c":"NETWORK",  "id":51800,   "ctx":"conn4","msg":"client metadata","attr":{"remote":"127.0.0.1:58544","client":"conn4","doc":{"application":{"name":"Navicat"},"driver":{"name":"mongoc","version":"1.16.2"},"os":{"type":"Darwin","name":"macOS","version":"21.6.0","architecture":"x86_64"},"platform":"cfg=0x0000d6a0e9 posix=200112 stdc=201710 CC=clang 12.0.5 (clang-1205.0.22.9) CFLAGS=\"\" LDFLAGS=\"\""}}}
[mongod output] {"t":{"$date":"2022-09-20T13:03:40.473+03:00"},"s":"I",  "c":"STORAGE",  "id":20320,   "ctx":"conn3","msg":"createCollection","attr":{"namespace":"assets.assets","uuidDisposition":"generated","uuid":{"uuid":{"$uuid":"1bc3ba4b-1c21-4384-8137-15e6899737de"}},"options":{}}}
[mongod output] {"t":{"$date":"2022-09-20T13:03:40.629+03:00"},"s":"I",  "c":"INDEX",    "id":20345,   "ctx":"conn3","msg":"Index build: done building","attr":{"buildUUID":null,"namespace":"assets.assets","index":"_id_","commitTimestamp":{"$timestamp":{"t":0,"i":0}}}}
[mongod output] {"t":{"$date":"2022-09-20T13:03:40.629+03:00"},"s":"I",  "c":"WRITE",    "id":51803,   "ctx":"conn3","msg":"Slow query","attr":{"type":"update","ns":"assets.assets","command":{"q":{"_id":{"$binary":{"base64":"AEfq5vroaeEGXotmaCW4rA==","subType":"3"}}},"u":{"_id":{"$binary":{"base64":"AEfq5vroaeEGXotmaCW4rA==","subType":"3"}},"_t":"BaseAsset","assetType":"NATIVE","feeUnits":"1","parent":{"$binary":{"base64":"mkK/DlCguFNQkzVWMsznsA==","subType":"3"}}},"multi":false,"upsert":true},"planSummary":"IDHACK","keysExamined":0,"docsExamined":0,"nMatched":0,"nModified":0,"upsert":true,"keysInserted":1,"numYields":0,"locks":{"ParallelBatchWriterMode":{"acquireCount":{"r":5}},"ReplicationStateTransition":{"acquireCount":{"w":5}},"Global":{"acquireCount":{"r":2,"w":3}},"Database":{"acquireCount":{"r":2,"w":3}},"Collection":{"acquireCount":{"r":1,"w":3}},"Mutex":{"acquireCount":{"r":5}}},"flowControl":{"acquireCount":3,"timeAcquiringMicros":2},"storage":{},"durationMillis":156}}
[mongod output] {"t":{"$date":"2022-09-20T13:03:40.629+03:00"},"s":"I",  "c":"COMMAND",  "id":51803,   "ctx":"conn3","msg":"Slow query","attr":{"type":"command","ns":"assets.$cmd","command":{"update":"assets","ordered":true,"$db":"assets","lsid":{"id":{"$uuid":"1a5941cd-3261-4e1a-8b46-a9c3a259e3f5"}}},"numYields":0,"reslen":120,"locks":{"ParallelBatchWriterMode":{"acquireCount":{"r":5}},"ReplicationStateTransition":{"acquireCount":{"w":6}},"Global":{"acquireCount":{"r":3,"w":3}},"Database":{"acquireCount":{"r":2,"w":3}},"Collection":{"acquireCount":{"r":1,"w":3}},"Mutex":{"acquireCount":{"r":5}}},"flowControl":{"acquireCount":3,"timeAcquiringMicros":2},"storage":{},"protocol":"op_msg","durationMillis":156}}
[mongod output] {"t":{"$date":"2022-09-20T13:03:40.689+03:00"},"s":"I",  "c":"NETWORK",  "id":22943,   "ctx":"listener","msg":"Connection accepted","attr":{"remote":"127.0.0.1:58545","connectionId":5,"connectionCount":5}}
[mongod output] {"t":{"$date":"2022-09-20T13:03:40.690+03:00"},"s":"I",  "c":"COMMAND",  "id":20475,   "ctx":"conn5","msg":"Terminating via shutdown command","attr":{"cmdObj":{"shutdown":1,"force":true,"timeoutSecs":0,"$db":"admin"}}}
[mongod output] {"t":{"$date":"2022-09-20T13:03:40.690+03:00"},"s":"I",  "c":"COMMAND",  "id":4784901, "ctx":"conn5","msg":"Shutting down the MirrorMaestro"}
[mongod output] {"t":{"$date":"2022-09-20T13:03:40.690+03:00"},"s":"I",  "c":"SHARDING", "id":4784902, "ctx":"conn5","msg":"Shutting down the WaitForMajorityService"}
[mongod output] {"t":{"$date":"2022-09-20T13:03:40.690+03:00"},"s":"I",  "c":"CONTROL",  "id":4784903, "ctx":"conn5","msg":"Shutting down the LogicalSessionCache"}
[mongod output] {"t":{"$date":"2022-09-20T13:03:40.690+03:00"},"s":"I",  "c":"NETWORK",  "id":20562,   "ctx":"conn5","msg":"Shutdown: going to close listening sockets"}
[mongod output] {"t":{"$date":"2022-09-20T13:03:40.690+03:00"},"s":"I",  "c":"NETWORK",  "id":23017,   "ctx":"listener","msg":"removing socket file","attr":{"path":"/tmp/mongodb-27017.sock"}}
[mongod output] {"t":{"$date":"2022-09-20T13:03:40.691+03:00"},"s":"I",  "c":"NETWORK",  "id":4784905, "ctx":"conn5","msg":"Shutting down the global connection pool"}
[mongod output] {"t":{"$date":"2022-09-20T13:03:40.691+03:00"},"s":"I",  "c":"STORAGE",  "id":4784906, "ctx":"conn5","msg":"Shutting down the FlowControlTicketholder"}
[mongod output] {"t":{"$date":"2022-09-20T13:03:40.691+03:00"},"s":"I",  "c":"-",        "id":20520,   "ctx":"conn5","msg":"Stopping further Flow Control ticket acquisitions."}
[mongod output] {"t":{"$date":"2022-09-20T13:03:40.691+03:00"},"s":"I",  "c":"STORAGE",  "id":4784908, "ctx":"conn5","msg":"Shutting down the PeriodicThreadToAbortExpiredTransactions"}
[mongod output] {"t":{"$date":"2022-09-20T13:03:40.691+03:00"},"s":"I",  "c":"STORAGE",  "id":4784934, "ctx":"conn5","msg":"Shutting down the PeriodicThreadToDecreaseSnapshotHistoryCachePressure"}
[mongod output] {"t":{"$date":"2022-09-20T13:03:40.691+03:00"},"s":"I",  "c":"REPL",     "id":4784909, "ctx":"conn5","msg":"Shutting down the ReplicationCoordinator"}
[mongod output] {"t":{"$date":"2022-09-20T13:03:40.691+03:00"},"s":"I",  "c":"SHARDING", "id":4784910, "ctx":"conn5","msg":"Shutting down the ShardingInitializationMongoD"}
[mongod output] {"t":{"$date":"2022-09-20T13:03:40.691+03:00"},"s":"I",  "c":"REPL",     "id":4784911, "ctx":"conn5","msg":"Enqueuing the ReplicationStateTransitionLock for shutdown"}
[mongod output] {"t":{"$date":"2022-09-20T13:03:40.691+03:00"},"s":"I",  "c":"-",        "id":4784912, "ctx":"conn5","msg":"Killing all operations for shutdown"}
[mongod output] {"t":{"$date":"2022-09-20T13:03:40.691+03:00"},"s":"I",  "c":"-",        "id":4695300, "ctx":"conn5","msg":"Interrupted all currently running operations","attr":{"opsKilled":3}}
[mongod output] {"t":{"$date":"2022-09-20T13:03:40.691+03:00"},"s":"I",  "c":"COMMAND",  "id":4784913, "ctx":"conn5","msg":"Shutting down all open transactions"}
[mongod output] {"t":{"$date":"2022-09-20T13:03:40.691+03:00"},"s":"I",  "c":"REPL",     "id":4784914, "ctx":"conn5","msg":"Acquiring the ReplicationStateTransitionLock for shutdown"}
[mongod output] {"t":{"$date":"2022-09-20T13:03:40.691+03:00"},"s":"I",  "c":"INDEX",    "id":4784915, "ctx":"conn5","msg":"Shutting down the IndexBuildsCoordinator"}
[mongod output] {"t":{"$date":"2022-09-20T13:03:40.691+03:00"},"s":"I",  "c":"REPL",     "id":4784916, "ctx":"conn5","msg":"Reacquiring the ReplicationStateTransitionLock for shutdown"}
[mongod output] {"t":{"$date":"2022-09-20T13:03:40.691+03:00"},"s":"I",  "c":"REPL",     "id":4784917, "ctx":"conn5","msg":"Attempting to mark clean shutdown"}
[mongod output] {"t":{"$date":"2022-09-20T13:03:40.691+03:00"},"s":"I",  "c":"NETWORK",  "id":4784918, "ctx":"conn5","msg":"Shutting down the ReplicaSetMonitor"}
[mongod output] {"t":{"$date":"2022-09-20T13:03:40.691+03:00"},"s":"I",  "c":"SHARDING", "id":4784921, "ctx":"conn5","msg":"Shutting down the MigrationUtilExecutor"}
[mongod output] {"t":{"$date":"2022-09-20T13:03:40.691+03:00"},"s":"I",  "c":"CONTROL",  "id":4784925, "ctx":"conn5","msg":"Shutting down free monitoring"}
[mongod output] {"t":{"$date":"2022-09-20T13:03:40.691+03:00"},"s":"I",  "c":"CONTROL",  "id":20609,   "ctx":"conn5","msg":"Shutting down free monitoring"}
[mongod output] {"t":{"$date":"2022-09-20T13:03:40.691+03:00"},"s":"I",  "c":"STORAGE",  "id":4784927, "ctx":"conn5","msg":"Shutting down the HealthLog"}
[mongod output] {"t":{"$date":"2022-09-20T13:03:40.691+03:00"},"s":"I",  "c":"STORAGE",  "id":4784929, "ctx":"conn5","msg":"Acquiring the global lock for shutdown"}
[mongod output] {"t":{"$date":"2022-09-20T13:03:40.691+03:00"},"s":"I",  "c":"STORAGE",  "id":4784930, "ctx":"conn5","msg":"Shutting down the storage engine"}
[mongod output] {"t":{"$date":"2022-09-20T13:03:40.691+03:00"},"s":"I",  "c":"STORAGE",  "id":22320,   "ctx":"conn5","msg":"Shutting down journal flusher thread"}
[mongod output] {"t":{"$date":"2022-09-20T13:03:40.692+03:00"},"s":"I",  "c":"STORAGE",  "id":22430,   "ctx":"JournalFlusher","msg":"WiredTiger message","attr":{"message":"[1663668220:692363][52909:0x309464000], WT_SESSION.checkpoint: [WT_VERB_CHECKPOINT_PROGRESS] saving checkpoint snapshot min: 52, snapshot max: 52 snapshot count: 0, oldest timestamp: (0, 0) , meta checkpoint timestamp: (0, 0) base write gen: 1"}}
[mongod output] {"t":{"$date":"2022-09-20T13:03:40.723+03:00"},"s":"I",  "c":"NETWORK",  "id":22944,   "ctx":"conn1","msg":"Connection ended","attr":{"remote":"127.0.0.1:58539","connectionId":1,"connectionCount":4}}
[mongod output] {"t":{"$date":"2022-09-20T13:03:40.866+03:00"},"s":"I",  "c":"STORAGE",  "id":22263,   "ctx":"TimestampMonitor","msg":"Timestamp monitor is stopping","attr":{"error":"interrupted at shutdown"}}
[mongod output] {"t":{"$date":"2022-09-20T13:03:40.993+03:00"},"s":"I",  "c":"STORAGE",  "id":22321,   "ctx":"conn5","msg":"Finished shutting down journal flusher thread"}
[mongod output] {"t":{"$date":"2022-09-20T13:03:40.993+03:00"},"s":"I",  "c":"STORAGE",  "id":20282,   "ctx":"conn5","msg":"Deregistering all the collections"}
[mongod output] {"t":{"$date":"2022-09-20T13:03:40.993+03:00"},"s":"I",  "c":"STORAGE",  "id":22261,   "ctx":"conn5","msg":"Timestamp monitor shutting down"}
[mongod output] {"t":{"$date":"2022-09-20T13:03:40.993+03:00"},"s":"I",  "c":"STORAGE",  "id":22317,   "ctx":"conn5","msg":"WiredTigerKVEngine shutting down"}
[mongod output] {"t":{"$date":"2022-09-20T13:03:40.994+03:00"},"s":"I",  "c":"STORAGE",  "id":22318,   "ctx":"conn5","msg":"Shutting down session sweeper thread"}
[mongod output] {"t":{"$date":"2022-09-20T13:03:40.994+03:00"},"s":"I",  "c":"STORAGE",  "id":22319,   "ctx":"conn5","msg":"Finished shutting down session sweeper thread"}
[mongod output] {"t":{"$date":"2022-09-20T13:03:40.994+03:00"},"s":"I",  "c":"STORAGE",  "id":22322,   "ctx":"conn5","msg":"Shutting down checkpoint thread"}
[mongod output] {"t":{"$date":"2022-09-20T13:03:40.994+03:00"},"s":"I",  "c":"STORAGE",  "id":22323,   "ctx":"conn5","msg":"Finished shutting down checkpoint thread"}
[mongod output] {"t":{"$date":"2022-09-20T13:03:40.994+03:00"},"s":"I",  "c":"STORAGE",  "id":4795902, "ctx":"conn5","msg":"Closing WiredTiger","attr":{"closeConfig":"leak_memory=true,"}}
[mongod output] {"t":{"$date":"2022-09-20T13:03:40.994+03:00"},"s":"I",  "c":"STORAGE",  "id":22430,   "ctx":"conn5","msg":"WiredTiger message","attr":{"message":"[1663668220:994834][52909:0x30a1a3000], close_ckpt: [WT_VERB_CHECKPOINT_PROGRESS] saving checkpoint snapshot min: 55, snapshot max: 55 snapshot count: 0, oldest timestamp: (0, 0) , meta checkpoint timestamp: (0, 0) base write gen: 1"}}
[mongod output] {"t":{"$date":"2022-09-20T13:03:41.122+03:00"},"s":"I",  "c":"STORAGE",  "id":4795901, "ctx":"conn5","msg":"WiredTiger closed","attr":{"durationMillis":128}}
[mongod output] {"t":{"$date":"2022-09-20T13:03:41.122+03:00"},"s":"I",  "c":"STORAGE",  "id":22279,   "ctx":"conn5","msg":"shutdown: removing fs lock..."}
[mongod output] {"t":{"$date":"2022-09-20T13:03:41.122+03:00"},"s":"I",  "c":"-",        "id":4784931, "ctx":"conn5","msg":"Dropping the scope cache for shutdown"}
[mongod output] {"t":{"$date":"2022-09-20T13:03:41.122+03:00"},"s":"I",  "c":"FTDC",     "id":4784926, "ctx":"conn5","msg":"Shutting down full-time data capture"}
[mongod output] {"t":{"$date":"2022-09-20T13:03:41.122+03:00"},"s":"I",  "c":"FTDC",     "id":20626,   "ctx":"conn5","msg":"Shutting down full-time diagnostic data capture"}
[mongod output] {"t":{"$date":"2022-09-20T13:03:41.123+03:00"},"s":"I",  "c":"CONTROL",  "id":20565,   "ctx":"conn5","msg":"Now exiting"}
[mongod output] {"t":{"$date":"2022-09-20T13:03:41.123+03:00"},"s":"I",  "c":"CONTROL",  "id":23138,   "ctx":"conn5","msg":"Shutting down","attr":{"exitCode":0}}
[mongod output] 
]]></system-out>
  <system-err><![CDATA[SLF4J: No SLF4J providers were found.
SLF4J: Defaulting to no-operation (NOP) logger implementation
SLF4J: See http://www.slf4j.org/codes.html#noProviders for further details.
]]></system-err>
</testsuite>
